d:\work\gaoyang\code\visualgdb\debug\dvm.link.rsp
d:\work\gaoyang\code\visualgdb\debug\dvm.bin
d:\work\gaoyang\code\visualgdb\debug\dvm
d:\work\gaoyang\code\dvm\visualgdb\debug\gpio.o
d:\work\gaoyang\code\dvm\visualgdb\debug\gripper.o
d:\work\gaoyang\code\dvm\visualgdb\debug\l298n.o
d:\work\gaoyang\code\dvm\visualgdb\debug\main.o
d:\work\gaoyang\code\dvm\visualgdb\debug\startup_stm32f103xe.o
d:\work\gaoyang\code\dvm\visualgdb\debug\stm32f1xx_hal.o
d:\work\gaoyang\code\dvm\visualgdb\debug\stm32f1xx_hal_cortex.o
d:\work\gaoyang\code\dvm\visualgdb\debug\stm32f1xx_hal_dma.o
d:\work\gaoyang\code\dvm\visualgdb\debug\stm32f1xx_hal_exti.o
d:\work\gaoyang\code\dvm\visualgdb\debug\stm32f1xx_hal_flash.o
d:\work\gaoyang\code\dvm\visualgdb\debug\stm32f1xx_hal_flash_ex.o
d:\work\gaoyang\code\dvm\visualgdb\debug\stm32f1xx_hal_gpio.o
d:\work\gaoyang\code\dvm\visualgdb\debug\stm32f1xx_hal_gpio_ex.o
d:\work\gaoyang\code\dvm\visualgdb\debug\stm32f1xx_hal_msp.o
d:\work\gaoyang\code\dvm\visualgdb\debug\stm32f1xx_hal_pwr.o
d:\work\gaoyang\code\dvm\visualgdb\debug\stm32f1xx_hal_rcc.o
d:\work\gaoyang\code\dvm\visualgdb\debug\stm32f1xx_hal_rcc_ex.o
d:\work\gaoyang\code\dvm\visualgdb\debug\stm32f1xx_hal_tim.o
d:\work\gaoyang\code\dvm\visualgdb\debug\stm32f1xx_hal_tim_ex.o
d:\work\gaoyang\code\dvm\visualgdb\debug\stm32f1xx_hal_uart.o
d:\work\gaoyang\code\dvm\visualgdb\debug\stm32f1xx_it.o
d:\work\gaoyang\code\dvm\visualgdb\debug\system_stm32f1xx.o
d:\work\gaoyang\code\dvm\visualgdb\debug\tim.o
d:\work\gaoyang\code\dvm\visualgdb\debug\usart.o
d:\work\gaoyang\code\dvm\visualgdb\debug\gpio.dep
d:\work\gaoyang\code\dvm\visualgdb\debug\gripper.dep
d:\work\gaoyang\code\dvm\visualgdb\debug\l298n.dep
d:\work\gaoyang\code\dvm\visualgdb\debug\main.dep
d:\work\gaoyang\code\dvm\visualgdb\debug\startup_stm32f103xe.dep
d:\work\gaoyang\code\dvm\visualgdb\debug\stm32f1xx_hal.dep
d:\work\gaoyang\code\dvm\visualgdb\debug\stm32f1xx_hal_cortex.dep
d:\work\gaoyang\code\dvm\visualgdb\debug\stm32f1xx_hal_dma.dep
d:\work\gaoyang\code\dvm\visualgdb\debug\stm32f1xx_hal_exti.dep
d:\work\gaoyang\code\dvm\visualgdb\debug\stm32f1xx_hal_flash.dep
d:\work\gaoyang\code\dvm\visualgdb\debug\stm32f1xx_hal_flash_ex.dep
d:\work\gaoyang\code\dvm\visualgdb\debug\stm32f1xx_hal_gpio.dep
d:\work\gaoyang\code\dvm\visualgdb\debug\stm32f1xx_hal_gpio_ex.dep
d:\work\gaoyang\code\dvm\visualgdb\debug\stm32f1xx_hal_msp.dep
d:\work\gaoyang\code\dvm\visualgdb\debug\stm32f1xx_hal_pwr.dep
d:\work\gaoyang\code\dvm\visualgdb\debug\stm32f1xx_hal_rcc.dep
d:\work\gaoyang\code\dvm\visualgdb\debug\stm32f1xx_hal_rcc_ex.dep
d:\work\gaoyang\code\dvm\visualgdb\debug\stm32f1xx_hal_tim.dep
d:\work\gaoyang\code\dvm\visualgdb\debug\stm32f1xx_hal_tim_ex.dep
d:\work\gaoyang\code\dvm\visualgdb\debug\stm32f1xx_hal_uart.dep
d:\work\gaoyang\code\dvm\visualgdb\debug\stm32f1xx_it.dep
d:\work\gaoyang\code\dvm\visualgdb\debug\system_stm32f1xx.dep
d:\work\gaoyang\code\dvm\visualgdb\debug\tim.dep
d:\work\gaoyang\code\dvm\visualgdb\debug\usart.dep
d:\work\gaoyang\code\dvm\visualgdb\debug\gpio.gcc.rsp
d:\work\gaoyang\code\dvm\visualgdb\debug\gripper.gcc.rsp
d:\work\gaoyang\code\dvm\visualgdb\debug\l298n.gcc.rsp
d:\work\gaoyang\code\dvm\visualgdb\debug\main.gcc.rsp
d:\work\gaoyang\code\dvm\visualgdb\debug\startup_stm32f103xe.gcc.rsp
d:\work\gaoyang\code\dvm\visualgdb\debug\stm32f1xx_hal.gcc.rsp
d:\work\gaoyang\code\dvm\visualgdb\debug\stm32f1xx_hal_cortex.gcc.rsp
d:\work\gaoyang\code\dvm\visualgdb\debug\stm32f1xx_hal_dma.gcc.rsp
d:\work\gaoyang\code\dvm\visualgdb\debug\stm32f1xx_hal_exti.gcc.rsp
d:\work\gaoyang\code\dvm\visualgdb\debug\stm32f1xx_hal_flash.gcc.rsp
d:\work\gaoyang\code\dvm\visualgdb\debug\stm32f1xx_hal_flash_ex.gcc.rsp
d:\work\gaoyang\code\dvm\visualgdb\debug\stm32f1xx_hal_gpio.gcc.rsp
d:\work\gaoyang\code\dvm\visualgdb\debug\stm32f1xx_hal_gpio_ex.gcc.rsp
d:\work\gaoyang\code\dvm\visualgdb\debug\stm32f1xx_hal_msp.gcc.rsp
d:\work\gaoyang\code\dvm\visualgdb\debug\stm32f1xx_hal_pwr.gcc.rsp
d:\work\gaoyang\code\dvm\visualgdb\debug\stm32f1xx_hal_rcc.gcc.rsp
d:\work\gaoyang\code\dvm\visualgdb\debug\stm32f1xx_hal_rcc_ex.gcc.rsp
d:\work\gaoyang\code\dvm\visualgdb\debug\stm32f1xx_hal_tim.gcc.rsp
d:\work\gaoyang\code\dvm\visualgdb\debug\stm32f1xx_hal_tim_ex.gcc.rsp
d:\work\gaoyang\code\dvm\visualgdb\debug\stm32f1xx_hal_uart.gcc.rsp
d:\work\gaoyang\code\dvm\visualgdb\debug\stm32f1xx_it.gcc.rsp
d:\work\gaoyang\code\dvm\visualgdb\debug\system_stm32f1xx.gcc.rsp
d:\work\gaoyang\code\dvm\visualgdb\debug\tim.gcc.rsp
d:\work\gaoyang\code\dvm\visualgdb\debug\usart.gcc.rsp
d:\work\gaoyang\code\dvm\visualgdb\debug\dvm.alldeps
